<?xml version="1.0" encoding="UTF-8"?>
<!-- Generated by org.testng.reporters.JUnitReportReporter -->
<testsuite hostname="DESKTOP-D0KNPKQ" failures="0" tests="2" name="slider_range.Default_functionalites" time="26.826" errors="0" timestamp="14 Jun 2020 12:01:28 GMT" skipped="1">
  <testcase classname="slider_range.Default_functionalites" name="scrollLoanAmountToMin" time="26.826"/>
  <testcase classname="slider_range.Default_functionalites" name="scrollLoanAmountToMax">
    <skipped/>
  </testcase> <!-- scrollLoanAmountToMax -->
</testsuite> <!-- slider_range.Default_functionalites -->
